2025-05-01 23:27:51 - [0;34mINFO: Starting NAC TCO Calculator Enhancement Script[0m
2025-05-01 23:27:51 - [0;34mINFO: Checking dependencies...[0m
2025-05-01 23:27:51 - [0;32mSUCCESS: All dependencies are installed[0m
2025-05-01 23:27:51 - [0;34mINFO: NAC TCO Calculator Enhancement Script completed successfully[0m
2025-05-01 23:28:00 - [0;34mINFO: Starting NAC TCO Calculator Enhancement Script[0m
2025-05-01 23:28:00 - [0;34mINFO: Checking dependencies...[0m
2025-05-01 23:28:00 - [0;32mSUCCESS: All dependencies are installed[0m
2025-05-01 23:28:00 - [0;34mINFO: Installing NAC TCO Calculator...[0m
2025-05-01 23:28:00 - [0;34mINFO: Installing dependencies...[0m
2025-05-01 23:28:00 - [0;34mINFO: Initializing package.json[0m
2025-05-01 23:28:01 - [0;34mINFO: Installing npm packages[0m
2025-05-01 23:28:09 - [0;34mINFO: Installing developer dependencies[0m
2025-05-01 23:28:37 - [0;32mSUCCESS: Dependencies installed successfully[0m
2025-05-01 23:28:37 - [0;34mINFO: Installing additional libraries...[0m
2025-05-01 23:28:40 - [0;32mSUCCESS: Additional libraries installed successfully[0m
2025-05-01 23:28:40 - [0;34mINFO: Creating enhanced chart styles...[0m
2025-05-01 23:28:40 - [0;32mSUCCESS: Enhanced chart styles created successfully[0m
2025-05-01 23:28:40 - [0;34mINFO: Creating industry templates...[0m
2025-05-01 23:28:40 - [0;32mSUCCESS: Industry templates created successfully[0m
2025-05-01 23:28:40 - [0;34mINFO: Creating enhanced PDF report generator...[0m
2025-05-01 23:28:40 - [0;32mSUCCESS: Enhanced PDF report generator created successfully[0m
2025-05-01 23:28:40 - [0;34mINFO: Creating guided tour scripts...[0m
2025-05-01 23:28:40 - [0;32mSUCCESS: Guided tour script created successfully[0m
2025-05-01 23:28:40 - [0;34mINFO: Creating enhanced HTML templates...[0m
2025-05-01 23:28:40 - [0;32mSUCCESS: Enhanced HTML templates created successfully[0m
2025-05-01 23:28:40 - [0;32mSUCCESS: NAC TCO Calculator installed successfully[0m
2025-05-01 23:28:40 - [0;34mINFO: NAC TCO Calculator Enhancement Script completed successfully[0m
2025-05-01 23:33:08 - [0;34mINFO: Starting NAC TCO Calculator Enhancement Script[0m
2025-05-01 23:33:08 - [0;34mINFO: Checking dependencies...[0m
2025-05-01 23:33:08 - [0;32mSUCCESS: All dependencies are installed[0m
2025-05-01 23:33:08 - [0;34mINFO: Installing NAC TCO Calculator...[0m
2025-05-01 23:33:08 - [0;34mINFO: Installing dependencies...[0m
2025-05-01 23:33:08 - [0;34mINFO: Installing npm packages[0m
2025-05-01 23:33:11 - [0;34mINFO: Installing developer dependencies[0m
2025-05-01 23:33:15 - [0;32mSUCCESS: Dependencies installed successfully[0m
2025-05-01 23:33:15 - [0;34mINFO: Installing additional libraries...[0m
2025-05-01 23:33:17 - [0;32mSUCCESS: Additional libraries installed successfully[0m
2025-05-01 23:33:17 - [0;34mINFO: Creating enhanced chart styles...[0m
2025-05-01 23:33:17 - [0;32mSUCCESS: Enhanced chart styles created successfully[0m
2025-05-01 23:33:17 - [0;34mINFO: Creating industry templates...[0m
2025-05-01 23:33:17 - [0;32mSUCCESS: Industry templates created successfully[0m
2025-05-01 23:33:17 - [0;34mINFO: Creating enhanced PDF report generator...[0m
2025-05-01 23:33:17 - [0;32mSUCCESS: Enhanced PDF report generator created successfully[0m
2025-05-01 23:33:17 - [0;34mINFO: Creating guided tour scripts...[0m
2025-05-01 23:33:17 - [0;32mSUCCESS: Guided tour script created successfully[0m
2025-05-01 23:33:17 - [0;34mINFO: Creating enhanced HTML templates...[0m
2025-05-01 23:33:17 - [0;32mSUCCESS: Enhanced HTML templates created successfully[0m
2025-05-01 23:33:17 - [0;32mSUCCESS: NAC TCO Calculator installed successfully[0m
2025-05-01 23:33:17 - [0;34mINFO: NAC TCO Calculator Enhancement Script completed successfully[0m
2025-05-01 23:36:43 - [0;34mINFO: Starting NAC TCO Calculator Enhancement Script[0m
2025-05-01 23:36:43 - [0;34mINFO: Checking dependencies...[0m
2025-05-01 23:36:43 - [0;32mSUCCESS: All dependencies are installed[0m
2025-05-01 23:36:43 - [0;34mINFO: Installing NAC TCO Calculator...[0m
2025-05-01 23:36:43 - [0;34mINFO: Installing dependencies...[0m
2025-05-01 23:36:43 - [0;34mINFO: Installing npm packages[0m
2025-05-01 23:36:45 - [0;34mINFO: Installing developer dependencies[0m
2025-05-01 23:36:48 - [0;32mSUCCESS: Dependencies installed successfully[0m
2025-05-01 23:36:48 - [0;34mINFO: Installing additional libraries...[0m
2025-05-01 23:36:50 - [0;32mSUCCESS: Additional libraries installed successfully[0m
2025-05-01 23:36:50 - [0;34mINFO: Creating enhanced chart styles...[0m
2025-05-01 23:36:50 - [0;32mSUCCESS: Enhanced chart styles created successfully[0m
2025-05-01 23:36:50 - [0;34mINFO: Creating industry templates...[0m
2025-05-01 23:36:50 - [0;32mSUCCESS: Industry templates created successfully[0m
2025-05-01 23:36:50 - [0;34mINFO: Creating enhanced PDF report generator...[0m
2025-05-01 23:36:50 - [0;32mSUCCESS: Enhanced PDF report generator created successfully[0m
2025-05-01 23:36:50 - [0;34mINFO: Creating guided tour scripts...[0m
2025-05-01 23:36:50 - [0;32mSUCCESS: Guided tour script created successfully[0m
2025-05-01 23:36:50 - [0;34mINFO: Creating enhanced HTML templates...[0m
2025-05-01 23:36:50 - [0;32mSUCCESS: Enhanced HTML templates created successfully[0m
2025-05-01 23:36:50 - [0;32mSUCCESS: NAC TCO Calculator installed successfully[0m
2025-05-01 23:36:50 - [0;34mINFO: NAC TCO Calculator Enhancement Script completed successfully[0m
