========================================================
  NAC Solution TCO Calculator Comprehensive Update
========================================================
Date: Thu May  1 08:52:34 PM CDT 2025
Project directory: /home/iamrad/Projects/github/UaXtXo
Backup directory: /home/iamrad/Projects/github/UaXtXo/backups/20250501_205234
Creating temporary directory for updates...
Backing up critical files...
Backed up: /home/iamrad/Projects/github/UaXtXo/index.html
Backed up: /home/iamrad/Projects/github/UaXtXo/js/main.js
Backed up: /home/iamrad/Projects/github/UaXtXo/js/components/calculator.js
Backed up: /home/iamrad/Projects/github/UaXtXo/js/components/ui-controller.js
Backed up: /home/iamrad/Projects/github/UaXtXo/js/charts/chart-builder.js
Backed up: /home/iamrad/Projects/github/UaXtXo/css/styles.css
Fixing duplicate DOM Cache script tag...
No duplicate DOM Cache script tags found
Adding missing chart canvases...
Warning: Could not find insertion point for chart canvases
Adding options-grid CSS...
options-grid CSS already exists in styles.css
Adding jsPDF libraries...
Warning: Could not find suitable position for jsPDF script tags in index.html
Adding custom cost configuration section...
Warning: Could not find suitable position for custom cost configuration
Error: Could not add custom cost configuration section
Updating main.js with toggle handlers...
setupAdvancedOptionsToggles function already exists in main.js
Updating calculator.js with custom cost multipliers support...
Warning: calculateVendorTCO function not found in calculator.js
Added calculateVendorTCO function to calculator.js
Adding PDF export functionality...
exportToPDF function already exists in ui-controller.js
Cleaning up temporary files...
==========================================================
  NAC Solution TCO Calculator Update Complete
==========================================================
Summary of changes:
1. Fixed duplicate DOM Cache script tag issue
2. Added missing chart canvases for feature comparison, ROI, and implementation charts
3. Added options-grid CSS for custom cost configuration
4. Added jsPDF libraries for PDF export
5. Added custom cost configuration section
6. Updated main.js with toggle handlers for advanced options
7. Updated calculator.js to support custom cost multipliers
8. Added PDF export functionality

The NAC Solution TCO Calculator has been successfully updated!
A backup of the original files is available at: /home/iamrad/Projects/github/UaXtXo/backups/20250501_205234
Log file: /home/iamrad/Projects/github/UaXtXo/update_log_20250501_205234.log

To test the updated application, open index.html in your browser.
