========================================================
  NAC Solution TCO Calculator Update
========================================================
Date: Thu May  1 08:10:49 PM CDT 2025
Project directory: /home/iamrad/Projects/github/UaXtXo
Backup directory: /home/iamrad/Projects/github/UaXtXo/backups/20250501_201049
Log file: /home/iamrad/Projects/github/UaXtXo/update_log_20250501_201049.log
========================================================
Creating backup of current application...
Creating directory: /home/iamrad/Projects/github/UaXtXo/backups/20250501_201049
cp: cannot copy a directory, '/home/iamrad/Projects/github/UaXtXo/backups', into itself, '/home/iamrad/Projects/github/UaXtXo/backups/20250501_201049/backups'
cp: cannot create regular file '/home/iamrad/Projects/github/UaXtXo/backups/20250501_201049/.git/objects/54/812f95b066f10384018ac9bd30cb289ae45df8': Permission denied
cp: cannot create regular file '/home/iamrad/Projects/github/UaXtXo/backups/20250501_201049/.git/objects/54/1516bd0f23194a87482e272f48439100b70c73': Permission denied
cp: cannot create regular file '/home/iamrad/Projects/github/UaXtXo/backups/20250501_201049/.git/objects/54/223c145bdb01ae50005bbed68cbd25a41e4beb': Permission denied
cp: cannot create regular file '/home/iamrad/Projects/github/UaXtXo/backups/20250501_201049/.git/objects/54/9dbd46e5a4c1df5f6d75e11e690d6dc8758421': Permission denied
cp: cannot create regular file '/home/iamrad/Projects/github/UaXtXo/backups/20250501_201049/.git/objects/54/8632696756c28c570b9da05b434538ca740fbd': Permission denied
cp: cannot create regular file '/home/iamrad/Projects/github/UaXtXo/backups/20250501_201049/.git/objects/54/2bcb594c5dab0ed49b1e7b20275b5336fca140': Permission denied
cp: cannot create regular file '/home/iamrad/Projects/github/UaXtXo/backups/20250501_201049/.git/objects/c9/ddaab6acf84a3ec1ee152952c43dca95df5df0': Permission denied
cp: cannot create regular file '/home/iamrad/Projects/github/UaXtXo/backups/20250501_201049/.git/objects/c9/19e212992ce8a7dd448d16da7b63946d4db85f': Permission denied
cp: cannot create regular file '/home/iamrad/Projects/github/UaXtXo/backups/20250501_201049/.git/objects/c9/8cb616219981c19e23d6ef3b9df9e9685d763d': Permission denied
cp: cannot create regular file '/home/iamrad/Projects/github/UaXtXo/backups/20250501_201049/.git/objects/c9/8691ea57307002c16418d751816d88f91f911d': Permission denied
cp: cannot create regular file '/home/iamrad/Projects/github/UaXtXo/backups/20250501_201049/.git/objects/c9/5a92d408076c4e641baf5f3655b3ccaec3f427': Permission denied
cp: cannot create regular file '/home/iamrad/Projects/github/UaXtXo/backups/20250501_201049/.git/objects/c9/a1e15e6c2fe73a0ebf35040fef031b46437ba6': Permission denied
cp: cannot create regular file '/home/iamrad/Projects/github/UaXtXo/backups/20250501_201049/.git/objects/c9/cabc843d734f3dfef592abddf5c66b225472d2': Permission denied
cp: cannot create regular file '/home/iamrad/Projects/github/UaXtXo/backups/20250501_201049/.git/objects/c9/0f6535e4eb3eb470d4aa27b7e1c7fc6becbc5c': Permission denied
cp: cannot create regular file '/home/iamrad/Projects/github/UaXtXo/backups/20250501_201049/.git/objects/0f/9ae85c3cbb5237ac987586e40a996b470ca074': Permission denied
cp: cannot create regular file '/home/iamrad/Projects/github/UaXtXo/backups/20250501_201049/.git/objects/0f/fbbc1f0ef8eccb0d1d83d61d28749a152b03f3': Permission denied
cp: cannot create regular file '/home/iamrad/Projects/github/UaXtXo/backups/20250501_201049/.git/objects/0f/90a5dc0f5f107d65a4b8d3f79711b8b1d5a6f7': Permission denied
cp: cannot create regular file '/home/iamrad/Projects/github/UaXtXo/backups/20250501_201049/.git/objects/0f/c1abb3b8e30a3ab97023d243127c75b1b3a4d7': Permission denied
cp: cannot create regular file '/home/iamrad/Projects/github/UaXtXo/backups/20250501_201049/.git/objects/0f/02412dc795854716216b88b2c9b49d2a99373f': Permission denied
cp: cannot create regular file '/home/iamrad/Projects/github/UaXtXo/backups/20250501_201049/.git/objects/0f/9321c65e2b17f75a2af9c96825182bc88fa4e7': Permission denied
cp: cannot create regular file '/home/iamrad/Projects/github/UaXtXo/backups/20250501_201049/.git/objects/0f/76ac426d3ae003e3e04af2e386b2c3476b0218': Permission denied
cp: cannot create regular file '/home/iamrad/Projects/github/UaXtXo/backups/20250501_201049/.git/objects/fb/7730a82964c0057000c532716976aecb99dab1': Permission denied
cp: cannot create regular file '/home/iamrad/Projects/github/UaXtXo/backups/20250501_201049/.git/objects/fb/0eaffe0e1e6d1502fa7fa8d1e279a2c566a438': Permission denied
cp: cannot create regular file '/home/iamrad/Projects/github/UaXtXo/backups/20250501_201049/.git/objects/fb/b7ee0eed8d1dd0fe3b5a9d6ff41d1c4f044675': Permission denied
cp: cannot create regular file '/home/iamrad/Projects/github/UaXtXo/backups/20250501_201049/.git/objects/fb/1263ae5c9987c38407184688af5a1e5ed2ac02': Permission denied
cp: cannot create regular file '/home/iamrad/Projects/github/UaXtXo/backups/20250501_201049/.git/objects/fb/ccfa7f1e3f55cd4dd6b959b7a7df89cd14a853': Permission denied
cp: cannot create regular file '/home/iamrad/Projects/github/UaXtXo/backups/20250501_201049/.git/objects/fb/ed187879c12efa431383a9d4b9f340e9c41184': Permission denied
cp: cannot create regular file '/home/iamrad/Projects/github/UaXtXo/backups/20250501_201049/.git/objects/fb/c6bb4c5711cb82b84e0f8e70f28c2f2566bd0f': Permission denied
cp: cannot create regular file '/home/iamrad/Projects/github/UaXtXo/backups/20250501_201049/.git/objects/60/2fbb80e320c8e6ec112b1fbf3e8cfb5a1e2d34': Permission denied
cp: cannot create regular file '/home/iamrad/Projects/github/UaXtXo/backups/20250501_201049/.git/objects/60/61694531d07014cd6f935c98f8bc5f2732d2b5': Permission denied
cp: cannot create regular file '/home/iamrad/Projects/github/UaXtXo/backups/20250501_201049/.git/objects/60/c17ed655d31b9752a22a217892270640d68c89': Permission denied
cp: cannot create regular file '/home/iamrad/Projects/github/UaXtXo/backups/20250501_201049/.git/objects/60/dfcf57cae4075ae91eb6a9c8ce99356f920b69': Permission denied
cp: cannot create regular file '/home/iamrad/Projects/github/UaXtXo/backups/20250501_201049/.git/objects/60/85b6e84dbc760b9aa2fee924ef3bcb87989e93': Permission denied
cp: cannot create regular file '/home/iamrad/Projects/github/UaXtXo/backups/20250501_201049/.git/objects/60/12247c464a88a37c8711b0c40884ec8c8e182d': Permission denied
cp: cannot create regular file '/home/iamrad/Projects/github/UaXtXo/backups/20250501_201049/.git/objects/60/fb90e45970d491a68e6db8c72fcc531d13a44e': Permission denied
cp: cannot create regular file '/home/iamrad/Projects/github/UaXtXo/backups/20250501_201049/.git/objects/60/38aacf8c109c86025ea445468f4d439b8c2151': Permission denied
cp: cannot create regular file '/home/iamrad/Projects/github/UaXtXo/backups/20250501_201049/.git/objects/60/7ec75ea32d85d54c9203413e107708659a5692': Permission denied
cp: cannot create regular file '/home/iamrad/Projects/github/UaXtXo/backups/20250501_201049/.git/objects/60/183067e7e13bae2463b4ba53d5468bf66a4552': Permission denied
cp: cannot create regular file '/home/iamrad/Projects/github/UaXtXo/backups/20250501_201049/.git/objects/60/328b2baec57227d61088098b3b1a6376da6012': Permission denied
cp: cannot create regular file '/home/iamrad/Projects/github/UaXtXo/backups/20250501_201049/.git/objects/cf/e70ca1cde8406b4739c7f5796522698f96eaf7': Permission denied
cp: cannot create regular file '/home/iamrad/Projects/github/UaXtXo/backups/20250501_201049/.git/objects/cf/9616c4a6671026d27790a79dbf26732a5860fb': Permission denied
cp: cannot create regular file '/home/iamrad/Projects/github/UaXtXo/backups/20250501_201049/.git/objects/cf/c6affd0ab67ba717dfd79219fdf32716d07d0e': Permission denied
cp: cannot create regular file '/home/iamrad/Projects/github/UaXtXo/backups/20250501_201049/.git/objects/cf/dfd6c31aaa09f26d7493680c5bfbd45f6e4384': Permission denied
cp: cannot create regular file '/home/iamrad/Projects/github/UaXtXo/backups/20250501_201049/.git/objects/3f/ee69a3c95c455dc98eaf8426beecfc5d288b48': Permission denied
cp: cannot create regular file '/home/iamrad/Projects/github/UaXtXo/backups/20250501_201049/.git/objects/3f/57c8251aaa6c2c4579af6b4aa8734933418af1': Permission denied
cp: cannot create regular file '/home/iamrad/Projects/github/UaXtXo/backups/20250501_201049/.git/objects/3f/72dff29a69612c14eaec559e2a11bcced48b5b': Permission denied
cp: cannot create regular file '/home/iamrad/Projects/github/UaXtXo/backups/20250501_201049/.git/objects/3f/2688cb57ab8cf0c18c4d3057be5fb75198ed9a': Permission denied
cp: cannot create regular file '/home/iamrad/Projects/github/UaXtXo/backups/20250501_201049/.git/objects/3f/5d21165e7f6a5ed46e84227d91c8596c17fe88': Permission denied
cp: cannot create regular file '/home/iamrad/Projects/github/UaXtXo/backups/20250501_201049/.git/objects/3f/3c6aaf766d2662295a3c3b4a10d7281029afa4': Permission denied
cp: cannot create regular file '/home/iamrad/Projects/github/UaXtXo/backups/20250501_201049/.git/objects/10/a66602fe7b9d6e76b8663c258cdceaf95e421c': Permission denied
cp: cannot create regular file '/home/iamrad/Projects/github/UaXtXo/backups/20250501_201049/.git/objects/10/eb1c42c66a99eb02f308951184272ecc7db1c8': Permission denied
cp: cannot create regular file '/home/iamrad/Projects/github/UaXtXo/backups/20250501_201049/.git/objects/10/7a21159f1e1720b93a7c34d75e2a2ece7d8bc3': Permission denied
cp: cannot create regular file '/home/iamrad/Projects/github/UaXtXo/backups/20250501_201049/.git/objects/10/50872385c7f96b4f54d50ebc873b1031e2528c': Permission denied
cp: cannot create regular file '/home/iamrad/Projects/github/UaXtXo/backups/20250501_201049/.git/objects/10/a3ea4fe85f796663ddd6d676de1d5e2a38046c': Permission denied
cp: cannot create regular file '/home/iamrad/Projects/github/UaXtXo/backups/20250501_201049/.git/objects/92/5a70ecdb20a32b1354d28e39b5f306e1d700d2': Permission denied
cp: cannot create regular file '/home/iamrad/Projects/github/UaXtXo/backups/20250501_201049/.git/objects/92/b1da18c2790e47ea910cdc7dfaa4fe67c564f9': Permission denied
cp: cannot create regular file '/home/iamrad/Projects/github/UaXtXo/backups/20250501_201049/.git/objects/92/4a0f900ed84bb840fd6f989cea061f60a38d6b': Permission denied
cp: cannot create regular file '/home/iamrad/Projects/github/UaXtXo/backups/20250501_201049/.git/objects/92/3b8be2f14c65e78fd75a4fd34aba94fb733274': Permission denied
cp: cannot create regular file '/home/iamrad/Projects/github/UaXtXo/backups/20250501_201049/.git/objects/92/9c3736ca7aa99469bbe7abad73b02e1ccecca9': Permission denied
cp: cannot create regular file '/home/iamrad/Projects/github/UaXtXo/backups/20250501_201049/.git/objects/92/0e55b9c01222c280b7f629ab4c8aaac8a987f7': Permission denied
cp: cannot create regular file '/home/iamrad/Projects/github/UaXtXo/backups/20250501_201049/.git/objects/92/65236f288b7da2345b73a3bc290a6385d2b356': Permission denied
cp: cannot create regular file '/home/iamrad/Projects/github/UaXtXo/backups/20250501_201049/.git/objects/92/11ac55353317c9139c79e358815e78da765114': Permission denied
cp: cannot create regular file '/home/iamrad/Projects/github/UaXtXo/backups/20250501_201049/.git/objects/a8/1b91c65642f988ef0760f2c11a8a712422afef': Permission denied
cp: cannot create regular file '/home/iamrad/Projects/github/UaXtXo/backups/20250501_201049/.git/objects/a8/c004f3fa601ab5d5a201d76bc96a4c76263f18': Permission denied
cp: cannot create regular file '/home/iamrad/Projects/github/UaXtXo/backups/20250501_201049/.git/objects/a8/19dfa88c93da8357a6f7d452a05b49246732e2': Permission denied
cp: cannot create regular file '/home/iamrad/Projects/github/UaXtXo/backups/20250501_201049/.git/objects/a8/b5792663459549ac789e316dccb15819f816b5': Permission denied
cp: cannot create regular file '/home/iamrad/Projects/github/UaXtXo/backups/20250501_201049/.git/objects/a8/9b48e95dce0c6436fdc8fc026fb6900cd9983b': Permission denied
cp: cannot create regular file '/home/iamrad/Projects/github/UaXtXo/backups/20250501_201049/.git/objects/a8/9f60e68484ffa9439bf9db13587898a1511e1c': Permission denied
cp: cannot create regular file '/home/iamrad/Projects/github/UaXtXo/backups/20250501_201049/.git/objects/a8/a9b0559a329d2057e3d758bb48203369cd77d6': Permission denied
cp: cannot create regular file '/home/iamrad/Projects/github/UaXtXo/backups/20250501_201049/.git/objects/a8/177ef90ef1890716d3f58d82e7979c359b2e14': Permission denied
cp: cannot create regular file '/home/iamrad/Projects/github/UaXtXo/backups/20250501_201049/.git/objects/f6/1901daf250faa20327c1b8d201ce996da9a769': Permission denied
cp: cannot create regular file '/home/iamrad/Projects/github/UaXtXo/backups/20250501_201049/.git/objects/f6/f6d7d619f30bcdfc83f59fea45fce34bb425ee': Permission denied
cp: cannot create regular file '/home/iamrad/Projects/github/UaXtXo/backups/20250501_201049/.git/objects/f6/50e324df746aee34a05ffdbafbb980ef0186c4': Permission denied
cp: cannot create regular file '/home/iamrad/Projects/github/UaXtXo/backups/20250501_201049/.git/objects/f6/14df0614d49ab0292d16879cd5e03d1acc5f0f': Permission denied
cp: cannot create regular file '/home/iamrad/Projects/github/UaXtXo/backups/20250501_201049/.git/objects/f6/339509ba882e6ddb45e0de39bb59cd60b358aa': Permission denied
cp: cannot create regular file '/home/iamrad/Projects/github/UaXtXo/backups/20250501_201049/.git/objects/73/bb644457357506a25c4c441a02a4371af62fec': Permission denied
cp: cannot create regular file '/home/iamrad/Projects/github/UaXtXo/backups/20250501_201049/.git/objects/73/d11e75162d000048ebddaac8a68edb03394a5e': Permission denied
cp: cannot create regular file '/home/iamrad/Projects/github/UaXtXo/backups/20250501_201049/.git/objects/73/338eadb7db63c2e513024c7be963f227b5639d': Permission denied
cp: cannot create regular file '/home/iamrad/Projects/github/UaXtXo/backups/20250501_201049/.git/objects/73/16ac953e1faaacb1e07f888c720230d5474d4c': Permission denied
cp: cannot create regular file '/home/iamrad/Projects/github/UaXtXo/backups/20250501_201049/.git/objects/73/0276bd121df856ede4c51d6e7b63d071242487': Permission denied
cp: cannot create regular file '/home/iamrad/Projects/github/UaXtXo/backups/20250501_201049/.git/objects/62/df805823322b50d49c221a3e1a050a62c1608c': Permission denied
cp: cannot create regular file '/home/iamrad/Projects/github/UaXtXo/backups/20250501_201049/.git/objects/62/2b301941b95c7c756a5f8b98a3116b3a07b908': Permission denied
cp: cannot create regular file '/home/iamrad/Projects/github/UaXtXo/backups/20250501_201049/.git/objects/62/afa3a7425dc6a1eeafd1333afc15d429c5d10d': Permission denied
cp: cannot create regular file '/home/iamrad/Projects/github/UaXtXo/backups/20250501_201049/.git/objects/62/e08b16dfc2f6e83a9673fe018a8dce5c6d18ae': Permission denied
cp: cannot create regular file '/home/iamrad/Projects/github/UaXtXo/backups/20250501_201049/.git/objects/62/d6d237ff179b118746a64a34967f7ff4b5dff8': Permission denied
cp: cannot create regular file '/home/iamrad/Projects/github/UaXtXo/backups/20250501_201049/.git/objects/62/3fbc3f6b0c480fb0b3257fc666b1db827378bf': Permission denied
cp: cannot create regular file '/home/iamrad/Projects/github/UaXtXo/backups/20250501_201049/.git/objects/62/b973248561e1a45de11a05781d41ac540d3a65': Permission denied
cp: cannot create regular file '/home/iamrad/Projects/github/UaXtXo/backups/20250501_201049/.git/objects/62/ca6f16a59edd918b154f3c83fea23b4640bc86': Permission denied
cp: cannot create regular file '/home/iamrad/Projects/github/UaXtXo/backups/20250501_201049/.git/objects/62/da7e0d5974c5eca8984075b507125a85103faf': Permission denied
cp: cannot create regular file '/home/iamrad/Projects/github/UaXtXo/backups/20250501_201049/.git/objects/db/2ee8dc000fc69aead3ceee614cd573e9a6681d': Permission denied
cp: cannot create regular file '/home/iamrad/Projects/github/UaXtXo/backups/20250501_201049/.git/objects/db/4dd462c5c6b01df7b0bb75189ad88dc9f17e9a': Permission denied
cp: cannot create regular file '/home/iamrad/Projects/github/UaXtXo/backups/20250501_201049/.git/objects/db/d19a9b8360271bf5ebad3a03e6d1e9da357cf1': Permission denied
cp: cannot create regular file '/home/iamrad/Projects/github/UaXtXo/backups/20250501_201049/.git/objects/db/b77fb626d8cff9ec34ae484ea381833e6d7535': Permission denied
cp: cannot create regular file '/home/iamrad/Projects/github/UaXtXo/backups/20250501_201049/.git/objects/db/d10b4d2325e70767a9cdb419276aee2a87f12c': Permission denied
cp: cannot create regular file '/home/iamrad/Projects/github/UaXtXo/backups/20250501_201049/.git/objects/a7/fef1c133fdc6044c8e549933d333f190a13725': Permission denied
cp: cannot create regular file '/home/iamrad/Projects/github/UaXtXo/backups/20250501_201049/.git/objects/a7/c2bed94e53a7b57d0606781d5a275ae1ff0adc': Permission denied
cp: cannot create regular file '/home/iamrad/Projects/github/UaXtXo/backups/20250501_201049/.git/objects/a7/51424cdcdd37aab366b9ed966e1ed9651308f5': Permission denied
cp: cannot create regular file '/home/iamrad/Projects/github/UaXtXo/backups/20250501_201049/.git/objects/a7/04b59af3b40ad085e0fb32bbd78321bfb2ca2a': Permission denied
cp: cannot create regular file '/home/iamrad/Projects/github/UaXtXo/backups/20250501_201049/.git/objects/a7/516b8797b7b8787eb057031cf93c4b6645bd27': Permission denied
cp: cannot create regular file '/home/iamrad/Projects/github/UaXtXo/backups/20250501_201049/.git/objects/eb/bc42217989789d37d56ea5abb2eaf900ef145b': Permission denied
cp: cannot create regular file '/home/iamrad/Projects/github/UaXtXo/backups/20250501_201049/.git/objects/eb/ecd0a72478fc8eebf7c7a6c3e1b984b7de117d': Permission denied
cp: cannot create regular file '/home/iamrad/Projects/github/UaXtXo/backups/20250501_201049/.git/objects/eb/2ea3ddc9dc680bbbe47570f61e0241b1ba52ec': Permission denied
cp: cannot create regular file '/home/iamrad/Projects/github/UaXtXo/backups/20250501_201049/.git/objects/eb/869a6f046ba5da45f06fcecbb908ed65046f11': Permission denied
cp: cannot create regular file '/home/iamrad/Projects/github/UaXtXo/backups/20250501_201049/.git/objects/eb/024f5c51c925b5d3848177305b6173aa7762a9': Permission denied
cp: cannot create regular file '/home/iamrad/Projects/github/UaXtXo/backups/20250501_201049/.git/objects/29/f0ee2fd523c902d3f7bb317c37b1fd12e2323f': Permission denied
cp: cannot create regular file '/home/iamrad/Projects/github/UaXtXo/backups/20250501_201049/.git/objects/29/05ff0177dff27ee130cdef0486bae9ead72c7d': Permission denied
cp: cannot create regular file '/home/iamrad/Projects/github/UaXtXo/backups/20250501_201049/.git/objects/29/238b798d7d372d9e62518038d9cc6d8ae9e63e': Permission denied
cp: cannot create regular file '/home/iamrad/Projects/github/UaXtXo/backups/20250501_201049/.git/objects/29/2cb827153b6dd5483406bf937d78db8130fa0b': Permission denied
cp: cannot create regular file '/home/iamrad/Projects/github/UaXtXo/backups/20250501_201049/.git/objects/a6/5a31f474bcbce2365147e9ca2419884ee93914': Permission denied
cp: cannot create regular file '/home/iamrad/Projects/github/UaXtXo/backups/20250501_201049/.git/objects/a6/5c08c15a6e4c9c5500cbbb7a2b01327a5a8c4b': Permission denied
cp: cannot create regular file '/home/iamrad/Projects/github/UaXtXo/backups/20250501_201049/.git/objects/a6/b28f93c52d76723c47a9c4c1d9552656676713': Permission denied
cp: cannot create regular file '/home/iamrad/Projects/github/UaXtXo/backups/20250501_201049/.git/objects/a6/c9354f9cb12ae1f4119db8e5634311b4b619f3': Permission denied
cp: cannot create regular file '/home/iamrad/Projects/github/UaXtXo/backups/20250501_201049/.git/objects/a6/4cd11bae82cb8cd98d5adffcb9f2cf845a2140': Permission denied
cp: cannot create regular file '/home/iamrad/Projects/github/UaXtXo/backups/20250501_201049/.git/objects/a6/47e270945ed39dcefc9b16bc1562e96680aa19': Permission denied
cp: cannot create regular file '/home/iamrad/Projects/github/UaXtXo/backups/20250501_201049/.git/objects/37/36d74225ecba8266c3dc0cc8e71f6eec3fa626': Permission denied
cp: cannot create regular file '/home/iamrad/Projects/github/UaXtXo/backups/20250501_201049/.git/objects/37/5ee8ed41c31c3a64541edca5f7bdf3262f4710': Permission denied
cp: cannot create regular file '/home/iamrad/Projects/github/UaXtXo/backups/20250501_201049/.git/objects/37/5e126021af6f8f30ebee8fa4e9bd61d5d0be29': Permission denied
cp: cannot create regular file '/home/iamrad/Projects/github/UaXtXo/backups/20250501_201049/.git/objects/37/c7e1aa6cbd4effd94ee28bd7b0655756b80cea': Permission denied
cp: cannot create regular file '/home/iamrad/Projects/github/UaXtXo/backups/20250501_201049/.git/objects/37/9153f8a5139fa997c1f583d6d8b80647f21e0b': Permission denied
cp: cannot create regular file '/home/iamrad/Projects/github/UaXtXo/backups/20250501_201049/.git/objects/37/b11eac5e47d1cb657f8106cba8ef75955e8855': Permission denied
cp: cannot create regular file '/home/iamrad/Projects/github/UaXtXo/backups/20250501_201049/.git/objects/37/6bcad9336ad54b8a6da4a7c8db5988edc49bbc': Permission denied
cp: cannot create regular file '/home/iamrad/Projects/github/UaXtXo/backups/20250501_201049/.git/objects/55/d83ea2818ab5dfedbe96abbbcea078bc5a351d': Permission denied
cp: cannot create regular file '/home/iamrad/Projects/github/UaXtXo/backups/20250501_201049/.git/objects/55/e15e8f9f946994eb290258d7735de79356d546': Permission denied
cp: cannot create regular file '/home/iamrad/Projects/github/UaXtXo/backups/20250501_201049/.git/objects/55/0eeba720913af1f89c86e8befd7ee820fdbe58': Permission denied
cp: cannot create regular file '/home/iamrad/Projects/github/UaXtXo/backups/20250501_201049/.git/objects/55/5c7378585b3ff88ff84c072069a8bd80dde93d': Permission denied
cp: cannot create regular file '/home/iamrad/Projects/github/UaXtXo/backups/20250501_201049/.git/objects/55/a0626de4acb1b94f3e39a0b547bc2bdf6dcf95': Permission denied
cp: cannot create regular file '/home/iamrad/Projects/github/UaXtXo/backups/20250501_201049/.git/objects/55/62f00ed88c9b9c1ba622ef9c06a95b34d972c1': Permission denied
cp: cannot create regular file '/home/iamrad/Projects/github/UaXtXo/backups/20250501_201049/.git/objects/55/c3d29367a4216abea3dc5eaa48b59826da355b': Permission denied
cp: cannot create regular file '/home/iamrad/Projects/github/UaXtXo/backups/20250501_201049/.git/objects/55/593d62343483a91361d8e903fc9b4425cd8f47': Permission denied
cp: cannot create regular file '/home/iamrad/Projects/github/UaXtXo/backups/20250501_201049/.git/objects/55/cdc9533b581d8be5cf7a2f4284f76e5ab3ae50': Permission denied
cp: cannot create regular file '/home/iamrad/Projects/github/UaXtXo/backups/20250501_201049/.git/objects/55/b4e2c79fc6e720532b3f96252cc257a792f6d1': Permission denied
cp: cannot create regular file '/home/iamrad/Projects/github/UaXtXo/backups/20250501_201049/.git/objects/55/20512d11be77a761bf18c7c07da9db995abb52': Permission denied
cp: cannot create regular file '/home/iamrad/Projects/github/UaXtXo/backups/20250501_201049/.git/objects/20/fd044265882ca4c73c9c15fa83908b631ebe36': Permission denied
cp: cannot create regular file '/home/iamrad/Projects/github/UaXtXo/backups/20250501_201049/.git/objects/20/15cd25e6558ca057049b1df815fd0f0af4d3e3': Permission denied
cp: cannot create regular file '/home/iamrad/Projects/github/UaXtXo/backups/20250501_201049/.git/objects/20/b1ffeb2f97648e0faa7e022c98ed9e6a8e9a0d': Permission denied
cp: cannot create regular file '/home/iamrad/Projects/github/UaXtXo/backups/20250501_201049/.git/objects/20/44fe03646a725081f95460e4fca9a1ef59750f': Permission denied
cp: cannot create regular file '/home/iamrad/Projects/github/UaXtXo/backups/20250501_201049/.git/objects/20/1e859be230a5390ae41935c6f8d5f2ab1dbb5f': Permission denied
cp: cannot create regular file '/home/iamrad/Projects/github/UaXtXo/backups/20250501_201049/.git/objects/20/f19c4828509540a0fa707f91c1d1cc10892c2e': Permission denied
cp: cannot create regular file '/home/iamrad/Projects/github/UaXtXo/backups/20250501_201049/.git/objects/20/4a9e904b4ea5d092d53f9b9bb77301bfda559e': Permission denied
cp: cannot create regular file '/home/iamrad/Projects/github/UaXtXo/backups/20250501_201049/.git/objects/20/22a007ff7ac97ce51167903d116eec42bffd9a': Permission denied
cp: cannot create regular file '/home/iamrad/Projects/github/UaXtXo/backups/20250501_201049/.git/objects/20/6b1415c0d5261f9a8cd489f18073c1d7e6aa4a': Permission denied
cp: cannot create regular file '/home/iamrad/Projects/github/UaXtXo/backups/20250501_201049/.git/objects/33/9063bf445d8a3d541bfa89d214091edebb4b74': Permission denied
cp: cannot create regular file '/home/iamrad/Projects/github/UaXtXo/backups/20250501_201049/.git/objects/33/2de3f3ec4fbfcc818a867872bfb09a34208659': Permission denied
cp: cannot create regular file '/home/iamrad/Projects/github/UaXtXo/backups/20250501_201049/.git/objects/33/2b9da79b0847b38eb87b626d38f58bdd943e85': Permission denied
cp: cannot create regular file '/home/iamrad/Projects/github/UaXtXo/backups/20250501_201049/.git/objects/33/905f0fc92c406715fef234ba43605c95390b30': Permission denied
cp: cannot create regular file '/home/iamrad/Projects/github/UaXtXo/backups/20250501_201049/.git/objects/33/535a9219b75d58aaf9b20e627f4bbe54b37d5d': Permission denied
cp: cannot create regular file '/home/iamrad/Projects/github/UaXtXo/backups/20250501_201049/.git/objects/33/345ca3891e2e891ded6739f5d5a89c78bb4ae8': Permission denied
cp: cannot create regular file '/home/iamrad/Projects/github/UaXtXo/backups/20250501_201049/.git/objects/f1/82cac76b0bd0db443c5f268a39e3bc4a7fcd87': Permission denied
cp: cannot create regular file '/home/iamrad/Projects/github/UaXtXo/backups/20250501_201049/.git/objects/f1/4f32296a09f80ae9905fe5676f7536b00197c0': Permission denied
cp: cannot create regular file '/home/iamrad/Projects/github/UaXtXo/backups/20250501_201049/.git/objects/f1/767666aa37f0d185b9cd013d5f62e6a7da7ae3': Permission denied
cp: cannot create regular file '/home/iamrad/Projects/github/UaXtXo/backups/20250501_201049/.git/objects/f1/f3db0d6775e2a8c78d281a3fce99b5b597b6d4': Permission denied
cp: cannot create regular file '/home/iamrad/Projects/github/UaXtXo/backups/20250501_201049/.git/objects/f1/b880554aae3ac981c255f24b8a38ff7bed627e': Permission denied
cp: cannot create regular file '/home/iamrad/Projects/github/UaXtXo/backups/20250501_201049/.git/objects/f1/275350531d30ca6dd665cbb5fe78fc5e702948': Permission denied
cp: cannot create regular file '/home/iamrad/Projects/github/UaXtXo/backups/20250501_201049/.git/objects/f1/0e8cd22366d532cd5a5973a5b801419779e99b': Permission denied
cp: cannot create regular file '/home/iamrad/Projects/github/UaXtXo/backups/20250501_201049/.git/objects/f1/d2f8dc116fa196e6dbe77e25d4bd487beaff41': Permission denied
cp: cannot create regular file '/home/iamrad/Projects/github/UaXtXo/backups/20250501_201049/.git/objects/5c/c00ae7639c672839900c645f8b68ed43577483': Permission denied
cp: cannot create regular file '/home/iamrad/Projects/github/UaXtXo/backups/20250501_201049/.git/objects/5c/6dd3e800fac9fa7c2a25e745ac2f9e22092ce3': Permission denied
cp: cannot create regular file '/home/iamrad/Projects/github/UaXtXo/backups/20250501_201049/.git/objects/5c/4ea09c7a28537442d9d288ff3b48e75adf765d': Permission denied
cp: cannot create regular file '/home/iamrad/Projects/github/UaXtXo/backups/20250501_201049/.git/objects/5c/c12d0585a386018d3c486be5a841d8377d15db': Permission denied
cp: cannot create regular file '/home/iamrad/Projects/github/UaXtXo/backups/20250501_201049/.git/objects/5c/fdff9e446351e64fab46942535a67f012ebcc2': Permission denied
cp: cannot create regular file '/home/iamrad/Projects/github/UaXtXo/backups/20250501_201049/.git/objects/9f/add9848114aac93a3286df45bc432b9187757b': Permission denied
cp: cannot create regular file '/home/iamrad/Projects/github/UaXtXo/backups/20250501_201049/.git/objects/9f/827b4ac2fb6ca190697fa88bc4f09d575b998a': Permission denied
cp: cannot create regular file '/home/iamrad/Projects/github/UaXtXo/backups/20250501_201049/.git/objects/9f/ef51f1fa8d9bf8ef9e92ad2ce5742f009ab941': Permission denied
cp: cannot create regular file '/home/iamrad/Projects/github/UaXtXo/backups/20250501_201049/.git/objects/9f/e81a26d6ae34771be1c39c10bf29a3d3332bad': Permission denied
cp: cannot create regular file '/home/iamrad/Projects/github/UaXtXo/backups/20250501_201049/.git/objects/9f/d97ff7523f106de04c47adf74aa3a36db8dbbd': Permission denied
cp: cannot create regular file '/home/iamrad/Projects/github/UaXtXo/backups/20250501_201049/.git/objects/9f/c8f843982103d3648b3deed97d1e3d8caecaa2': Permission denied
cp: cannot create regular file '/home/iamrad/Projects/github/UaXtXo/backups/20250501_201049/.git/objects/9f/0f949f77a59ed3d7bca7f31450208ab3fef337': Permission denied
cp: cannot create regular file '/home/iamrad/Projects/github/UaXtXo/backups/20250501_201049/.git/objects/43/23e70c3e30b1bedcc6285d6da50fb682dd4999': Permission denied
cp: cannot create regular file '/home/iamrad/Projects/github/UaXtXo/backups/20250501_201049/.git/objects/43/379572d97931836fd1523c6da42db02660bfce': Permission denied
cp: cannot create regular file '/home/iamrad/Projects/github/UaXtXo/backups/20250501_201049/.git/objects/43/bee3bc93c9929d5ea7b88eb5d1bc16bcd4ad5c': Permission denied
cp: cannot create regular file '/home/iamrad/Projects/github/UaXtXo/backups/20250501_201049/.git/objects/43/0b705aca13c9c40f62066a3cb4815faacbd4ed': Permission denied
cp: cannot create regular file '/home/iamrad/Projects/github/UaXtXo/backups/20250501_201049/.git/objects/43/b8ed1a7f923fa4bfec6a59cb5115c9bd9b8eba': Permission denied
cp: cannot create regular file '/home/iamrad/Projects/github/UaXtXo/backups/20250501_201049/.git/objects/43/be67c17fae240f0625d781e7d1a8b6affd2f9d': Permission denied
cp: cannot create regular file '/home/iamrad/Projects/github/UaXtXo/backups/20250501_201049/.git/objects/ea/576079a60c5aff637d10c1772d7fbd1d24ee6b': Permission denied
cp: cannot create regular file '/home/iamrad/Projects/github/UaXtXo/backups/20250501_201049/.git/objects/ea/406f65548b85e46185478e7481cf44d016855a': Permission denied
cp: cannot create regular file '/home/iamrad/Projects/github/UaXtXo/backups/20250501_201049/.git/objects/ea/cae34d5f80d0b406ad63104406ddd5f3232f4a': Permission denied
cp: cannot create regular file '/home/iamrad/Projects/github/UaXtXo/backups/20250501_201049/.git/objects/ea/734fb73820316ed1c0f6a2f6e96dce0e3eb6f0': Permission denied
cp: cannot create regular file '/home/iamrad/Projects/github/UaXtXo/backups/20250501_201049/.git/objects/ea/ff73503c08b845400cd863481308e197f74fe6': Permission denied
cp: cannot create regular file '/home/iamrad/Projects/github/UaXtXo/backups/20250501_201049/.git/objects/ea/09b22eb41a83f37568dcf9618c5826bb7f0458': Permission denied
cp: cannot create regular file '/home/iamrad/Projects/github/UaXtXo/backups/20250501_201049/.git/objects/25/c9ba544db04b77b9394740c34c4833396b0d35': Permission denied
cp: cannot create regular file '/home/iamrad/Projects/github/UaXtXo/backups/20250501_201049/.git/objects/25/97c4775db5dccb1a04829fa1c6253d275172e3': Permission denied
cp: cannot create regular file '/home/iamrad/Projects/github/UaXtXo/backups/20250501_201049/.git/objects/25/f588c33f11c871c03f55ac8b49a1599bb10887': Permission denied
cp: cannot create regular file '/home/iamrad/Projects/github/UaXtXo/backups/20250501_201049/.git/objects/25/ef0b28975ed05e4cb31268020f4b99fb4faf36': Permission denied
cp: cannot create regular file '/home/iamrad/Projects/github/UaXtXo/backups/20250501_201049/.git/objects/25/3f1838ef01e519179515bdec086f97d2bed7c0': Permission denied
cp: cannot create regular file '/home/iamrad/Projects/github/UaXtXo/backups/20250501_201049/.git/objects/25/abf389e22db851b03dd14d87ca10acb8b6b44b': Permission denied
cp: cannot create regular file '/home/iamrad/Projects/github/UaXtXo/backups/20250501_201049/.git/objects/25/9f22576627672d7bfe16f441ce355bac76fac3': Permission denied
cp: cannot create regular file '/home/iamrad/Projects/github/UaXtXo/backups/20250501_201049/.git/objects/ab/3ec11262efb6024ed898b83a2846ae135ae654': Permission denied
cp: cannot create regular file '/home/iamrad/Projects/github/UaXtXo/backups/20250501_201049/.git/objects/ab/fcfb0dd071231114f91fa0a7a81f4be5407ddc': Permission denied
cp: cannot create regular file '/home/iamrad/Projects/github/UaXtXo/backups/20250501_201049/.git/objects/ab/0e5d7dcd43056d5d5288de0d08ca4177efb2db': Permission denied
cp: cannot create regular file '/home/iamrad/Projects/github/UaXtXo/backups/20250501_201049/.git/objects/ab/ac5ffaac97da29fa5c5d8aedf5b47763fc7c58': Permission denied
cp: cannot create regular file '/home/iamrad/Projects/github/UaXtXo/backups/20250501_201049/.git/objects/ab/cbd54e5eefdac272de763e774ca75825ca55ce': Permission denied
cp: cannot create regular file '/home/iamrad/Projects/github/UaXtXo/backups/20250501_201049/.git/objects/ab/a7e18076692805c856c17f2158b497ab70dbd9': Permission denied
cp: cannot create regular file '/home/iamrad/Projects/github/UaXtXo/backups/20250501_201049/.git/objects/ab/a7ab0412975a41899d61be28ff104c1db3fbf8': Permission denied
cp: cannot create regular file '/home/iamrad/Projects/github/UaXtXo/backups/20250501_201049/.git/objects/e4/23dd8d47645b6ea8ccd304b91aea115c4d92bc': Permission denied
cp: cannot create regular file '/home/iamrad/Projects/github/UaXtXo/backups/20250501_201049/.git/objects/e4/da448c7eea64f7bad2d09232e677eec37259b0': Permission denied
cp: cannot create regular file '/home/iamrad/Projects/github/UaXtXo/backups/20250501_201049/.git/objects/e4/210e01ea5a4def42ac84742b36d2cada422ca4': Permission denied
cp: cannot create regular file '/home/iamrad/Projects/github/UaXtXo/backups/20250501_201049/.git/objects/e4/a0e0afdff7c81947fc0359ad479dfd6c9430ab': Permission denied
cp: cannot create regular file '/home/iamrad/Projects/github/UaXtXo/backups/20250501_201049/.git/objects/e4/144d085eb634e3aafbcd97e96a35431d390214': Permission denied
cp: cannot create regular file '/home/iamrad/Projects/github/UaXtXo/backups/20250501_201049/.git/objects/e4/eb0da2d756b021b5fbd126ef343558c24c1d48': Permission denied
cp: cannot create regular file '/home/iamrad/Projects/github/UaXtXo/backups/20250501_201049/.git/objects/af/067ee7ce9a17a108fc54a279a92da5c20eb9fa': Permission denied
cp: cannot create regular file '/home/iamrad/Projects/github/UaXtXo/backups/20250501_201049/.git/objects/af/c4eacaa314ccaeb2170a830ae56096929fafde': Permission denied
cp: cannot create regular file '/home/iamrad/Projects/github/UaXtXo/backups/20250501_201049/.git/objects/af/ac0a0872c1ad7f9b677871d58583833b157977': Permission denied
cp: cannot create regular file '/home/iamrad/Projects/github/UaXtXo/backups/20250501_201049/.git/objects/d5/f579a0b45fae034d291d07f700c0dc7014fd81': Permission denied
cp: cannot create regular file '/home/iamrad/Projects/github/UaXtXo/backups/20250501_201049/.git/objects/d5/7a23f0aeca0d3d3443ef314a2555a52cc794af': Permission denied
cp: cannot create regular file '/home/iamrad/Projects/github/UaXtXo/backups/20250501_201049/.git/objects/d5/4cf61fc94a9ba47de3da69f9f348e2b5a536b9': Permission denied
cp: cannot create regular file '/home/iamrad/Projects/github/UaXtXo/backups/20250501_201049/.git/objects/d5/3117bf46a1a91ffa6d30c47fa51555de8426f8': Permission denied
cp: cannot create regular file '/home/iamrad/Projects/github/UaXtXo/backups/20250501_201049/.git/objects/d5/896ef6435296a9abad3e771b05a9b261e018f2': Permission denied
cp: cannot create regular file '/home/iamrad/Projects/github/UaXtXo/backups/20250501_201049/.git/objects/d5/42db430ed3b58551bbfa688d47c591e9150cb7': Permission denied
cp: cannot create regular file '/home/iamrad/Projects/github/UaXtXo/backups/20250501_201049/.git/objects/d5/18d8376af9faa47af875d83c8cdd51a11f9099': Permission denied
cp: cannot create regular file '/home/iamrad/Projects/github/UaXtXo/backups/20250501_201049/.git/objects/2b/783e2aa54a19aad9c6f0edd2b033e8fc86244f': Permission denied
cp: cannot create regular file '/home/iamrad/Projects/github/UaXtXo/backups/20250501_201049/.git/objects/2b/99a7da025f57138b7bc98245ac032425655f25': Permission denied
cp: cannot create regular file '/home/iamrad/Projects/github/UaXtXo/backups/20250501_201049/.git/objects/2b/12452854b72ad8fcb5093ba4aca1015d7b7a59': Permission denied
cp: cannot create regular file '/home/iamrad/Projects/github/UaXtXo/backups/20250501_201049/.git/objects/2b/1190ef5a4fe07d96e137a062a5eb41c1170e35': Permission denied
cp: cannot create regular file '/home/iamrad/Projects/github/UaXtXo/backups/20250501_201049/.git/objects/2b/1d2fb7ac07f717489278ba8cc7084f6cbbb2b7': Permission denied
cp: cannot create regular file '/home/iamrad/Projects/github/UaXtXo/backups/20250501_201049/.git/objects/2b/0a980fbd767e2c3ac910e34158964e7dcdbf2c': Permission denied
cp: cannot create regular file '/home/iamrad/Projects/github/UaXtXo/backups/20250501_201049/.git/objects/2b/7c245b259906590a4c9a34b560b0cb01fc7ce7': Permission denied
cp: cannot create regular file '/home/iamrad/Projects/github/UaXtXo/backups/20250501_201049/.git/objects/6e/d306025541ac30cf6a90a9a525c5d6dcea33ca': Permission denied
cp: cannot create regular file '/home/iamrad/Projects/github/UaXtXo/backups/20250501_201049/.git/objects/6e/74c7cc91ceacd0b24d9de109ca07793840fa11': Permission denied
cp: cannot create regular file '/home/iamrad/Projects/github/UaXtXo/backups/20250501_201049/.git/objects/6e/d2e0d418f0678ce48bb675500c41a1137f2097': Permission denied
cp: cannot create regular file '/home/iamrad/Projects/github/UaXtXo/backups/20250501_201049/.git/objects/6e/3dc084b9254e4229ddaf1ff9b8e4fd40372aa7': Permission denied
cp: cannot create regular file '/home/iamrad/Projects/github/UaXtXo/backups/20250501_201049/.git/objects/6e/629dd34ef0942c19c4d124542f5f030c228ae4': Permission denied
cp: cannot create regular file '/home/iamrad/Projects/github/UaXtXo/backups/20250501_201049/.git/objects/6e/48000c7c98fd844af784fb2fdf7060f13ed0b1': Permission denied
cp: cannot create regular file '/home/iamrad/Projects/github/UaXtXo/backups/20250501_201049/.git/objects/6e/a485c40a694deb72801fcd0048a3c44de95403': Permission denied
cp: cannot create regular file '/home/iamrad/Projects/github/UaXtXo/backups/20250501_201049/.git/objects/6e/987606c074729d2844ed63197040fcc40d0de9': Permission denied
cp: cannot create regular file '/home/iamrad/Projects/github/UaXtXo/backups/20250501_201049/.git/objects/9e/8cf60b14a2d9a924dd84eb5d0913404411d154': Permission denied
cp: cannot create regular file '/home/iamrad/Projects/github/UaXtXo/backups/20250501_201049/.git/objects/9e/d20f669fcbe47bebc859d077ebab6c92e3309c': Permission denied
cp: cannot create regular file '/home/iamrad/Projects/github/UaXtXo/backups/20250501_201049/.git/objects/9e/65821d77093f5a395e954415341ace7782b821': Permission denied
cp: cannot create regular file '/home/iamrad/Projects/github/UaXtXo/backups/20250501_201049/.git/objects/9e/5173c80da67de620a9b3a769936d77bf68ba73': Permission denied
cp: cannot create regular file '/home/iamrad/Projects/github/UaXtXo/backups/20250501_201049/.git/objects/9e/bdfbf1491ef8bdffb942ee0b475e38a65379bf': Permission denied
cp: cannot create regular file '/home/iamrad/Projects/github/UaXtXo/backups/20250501_201049/.git/objects/9e/f6583335d8670f8f86c7508cd047c6ae224a68': Permission denied
cp: cannot create regular file '/home/iamrad/Projects/github/UaXtXo/backups/20250501_201049/.git/objects/4d/d4915e31ac681df7ba948e87340795722fa815': Permission denied
cp: cannot create regular file '/home/iamrad/Projects/github/UaXtXo/backups/20250501_201049/.git/objects/4d/382499b7ee0fcd8eb77940a90227278c4834fb': Permission denied
cp: cannot create regular file '/home/iamrad/Projects/github/UaXtXo/backups/20250501_201049/.git/objects/4d/5e9b510ab211524a43789aac549e61117a2b3b': Permission denied
cp: cannot create regular file '/home/iamrad/Projects/github/UaXtXo/backups/20250501_201049/.git/objects/4d/ca36cd65c15649509f628db4db97e34199e4b7': Permission denied
cp: cannot create regular file '/home/iamrad/Projects/github/UaXtXo/backups/20250501_201049/.git/objects/4d/736fb250498f12e1eeb5e63501907fb055509a': Permission denied
cp: cannot create regular file '/home/iamrad/Projects/github/UaXtXo/backups/20250501_201049/.git/objects/4d/09868d5c34cd07e09163bc258108246d59dd84': Permission denied
cp: cannot create regular file '/home/iamrad/Projects/github/UaXtXo/backups/20250501_201049/.git/objects/6f/916c5cf723a5b71f8dd231cba6b55f59617292': Permission denied
cp: cannot create regular file '/home/iamrad/Projects/github/UaXtXo/backups/20250501_201049/.git/objects/6f/43453ade2de4499935b80e16d47d7c1406dd2f': Permission denied
cp: cannot create regular file '/home/iamrad/Projects/github/UaXtXo/backups/20250501_201049/.git/objects/6f/491e18e675680e74d6161615c9b62c60879172': Permission denied
cp: cannot create regular file '/home/iamrad/Projects/github/UaXtXo/backups/20250501_201049/.git/objects/6f/ada390fb88d8e1dae3454216aa3995141a1785': Permission denied
cp: cannot create regular file '/home/iamrad/Projects/github/UaXtXo/backups/20250501_201049/.git/objects/6f/5bf4dd01d6715f1c3beed5a71fb8fc2ef42520': Permission denied
cp: cannot create regular file '/home/iamrad/Projects/github/UaXtXo/backups/20250501_201049/.git/objects/0d/5ff057c980533c0bbd91c0c416e22476159ed0': Permission denied
cp: cannot create regular file '/home/iamrad/Projects/github/UaXtXo/backups/20250501_201049/.git/objects/0d/69c4ccb9fca438f91957d936119b51848acb0d': Permission denied
cp: cannot create regular file '/home/iamrad/Projects/github/UaXtXo/backups/20250501_201049/.git/objects/0d/9b8c8e56ed884e73087bec254e5c66607ca3bf': Permission denied
cp: cannot create regular file '/home/iamrad/Projects/github/UaXtXo/backups/20250501_201049/.git/objects/0d/9967c4d283f0b44ca03325a82b9cdf8588c3ec': Permission denied
cp: cannot create regular file '/home/iamrad/Projects/github/UaXtXo/backups/20250501_201049/.git/objects/0d/17e5821b3df97bb961c4e71142331139d03d15': Permission denied
cp: cannot create regular file '/home/iamrad/Projects/github/UaXtXo/backups/20250501_201049/.git/objects/0d/eb963549715cedfd51d3165e6fb8738a041fbf': Permission denied
cp: cannot create regular file '/home/iamrad/Projects/github/UaXtXo/backups/20250501_201049/.git/objects/0d/6a97dcf096449e7100cb63bb05f232a7f790a5': Permission denied
cp: cannot create regular file '/home/iamrad/Projects/github/UaXtXo/backups/20250501_201049/.git/objects/0d/e84fc856e627802a2b8167eebba3e65357b83c': Permission denied
cp: cannot create regular file '/home/iamrad/Projects/github/UaXtXo/backups/20250501_201049/.git/objects/0d/c7bf4eaa4e6f60d33fad52be476b214b869db9': Permission denied
cp: cannot create regular file '/home/iamrad/Projects/github/UaXtXo/backups/20250501_201049/.git/objects/0d/9237958660d0996ec421580df1d3327c34188a': Permission denied
cp: cannot create regular file '/home/iamrad/Projects/github/UaXtXo/backups/20250501_201049/.git/objects/04/52e350d7e42f5998bb5f7570c64db71a9138da': Permission denied
cp: cannot create regular file '/home/iamrad/Projects/github/UaXtXo/backups/20250501_201049/.git/objects/04/243ada0a45deac56a83f2e4a0755f710094e9b': Permission denied
cp: cannot create regular file '/home/iamrad/Projects/github/UaXtXo/backups/20250501_201049/.git/objects/04/c0eff797d722460624d1c52dc6c9f755b3cebc': Permission denied
cp: cannot create regular file '/home/iamrad/Projects/github/UaXtXo/backups/20250501_201049/.git/objects/04/0c7fa08824f05fa14b470ca9f0f7082e9f1180': Permission denied
cp: cannot create regular file '/home/iamrad/Projects/github/UaXtXo/backups/20250501_201049/.git/objects/04/a40367751ee4c064ac88045e79b17ba4aab0a6': Permission denied
cp: cannot create regular file '/home/iamrad/Projects/github/UaXtXo/backups/20250501_201049/.git/objects/04/cf87e66ed8daa00712b7926d2ed63a9108c2ae': Permission denied
cp: cannot create regular file '/home/iamrad/Projects/github/UaXtXo/backups/20250501_201049/.git/objects/04/c0f57940cd107010a0f5a2fefb9c04b8afba52': Permission denied
cp: cannot create regular file '/home/iamrad/Projects/github/UaXtXo/backups/20250501_201049/.git/objects/b7/9b52f7d79fce1480e222bf02622a4ed9fc2bbd': Permission denied
cp: cannot create regular file '/home/iamrad/Projects/github/UaXtXo/backups/20250501_201049/.git/objects/b7/c8c82cc071199e03c5a894e6d8f4a4b47bf469': Permission denied
cp: cannot create regular file '/home/iamrad/Projects/github/UaXtXo/backups/20250501_201049/.git/objects/b7/e453083a421ed743ade1b4167f1b56bb9f7f37': Permission denied
cp: cannot create regular file '/home/iamrad/Projects/github/UaXtXo/backups/20250501_201049/.git/objects/b7/8d598bf5715af8872371a55f0f356e02e15393': Permission denied
cp: cannot create regular file '/home/iamrad/Projects/github/UaXtXo/backups/20250501_201049/.git/objects/b7/9215663a657631fd01aef3d95dbffac635b707': Permission denied
cp: cannot create regular file '/home/iamrad/Projects/github/UaXtXo/backups/20250501_201049/.git/objects/b7/c198a6f3d7c579041efc7a54358fd89cddf43a': Permission denied
cp: cannot create regular file '/home/iamrad/Projects/github/UaXtXo/backups/20250501_201049/.git/objects/b7/42e368f560003b9c95c3ae9b96633034d6f9e9': Permission denied
cp: cannot create regular file '/home/iamrad/Projects/github/UaXtXo/backups/20250501_201049/.git/objects/b7/e5560d77ff8111df561af239c451f89d2bc371': Permission denied
cp: cannot create regular file '/home/iamrad/Projects/github/UaXtXo/backups/20250501_201049/.git/objects/17/e60f0695fc0eb0f1b71d77ccae79ca6df52da5': Permission denied
cp: cannot create regular file '/home/iamrad/Projects/github/UaXtXo/backups/20250501_201049/.git/objects/17/f43cfcbe77e3e0229ccd891932503b16feb532': Permission denied
cp: cannot create regular file '/home/iamrad/Projects/github/UaXtXo/backups/20250501_201049/.git/objects/17/a83016c12b4293bb27ebd20a19540c9567e5e1': Permission denied
cp: cannot create regular file '/home/iamrad/Projects/github/UaXtXo/backups/20250501_201049/.git/objects/17/b1cbd9f77fbffbca43fc9dc67b25ad34a06e0b': Permission denied
cp: cannot create regular file '/home/iamrad/Projects/github/UaXtXo/backups/20250501_201049/.git/objects/17/433239ee490b8f734c5c60198eae699e201c65': Permission denied
cp: cannot create regular file '/home/iamrad/Projects/github/UaXtXo/backups/20250501_201049/.git/objects/c7/dc45b8c991501fe9ab61900e75e14a8f016a8d': Permission denied
cp: cannot create regular file '/home/iamrad/Projects/github/UaXtXo/backups/20250501_201049/.git/objects/c7/2766d0aa71eda780651a75368fddfcb9bfbfd1': Permission denied
cp: cannot create regular file '/home/iamrad/Projects/github/UaXtXo/backups/20250501_201049/.git/objects/c7/1df9c2bcf07ca4340530058d0662661f29ec95': Permission denied
cp: cannot create regular file '/home/iamrad/Projects/github/UaXtXo/backups/20250501_201049/.git/objects/c7/b5549aaae6a22a86e28c6e4779efc420f1ea43': Permission denied
cp: cannot create regular file '/home/iamrad/Projects/github/UaXtXo/backups/20250501_201049/.git/objects/c7/e14d25e5a0bbe6c66d332c9dcdfb6f1dba9788': Permission denied
cp: cannot create regular file '/home/iamrad/Projects/github/UaXtXo/backups/20250501_201049/.git/objects/63/8bc5329d31b02378ffef87dd298f02a3a1c874': Permission denied
cp: cannot create regular file '/home/iamrad/Projects/github/UaXtXo/backups/20250501_201049/.git/objects/63/e7d839d9d716a3ef6d488c635de74c80b912a0': Permission denied
cp: cannot create regular file '/home/iamrad/Projects/github/UaXtXo/backups/20250501_201049/.git/objects/7c/ac363c6a39dad9380ee5929e82aa2549671613': Permission denied
cp: cannot create regular file '/home/iamrad/Projects/github/UaXtXo/backups/20250501_201049/.git/objects/7c/597fa8ab82f173661ca1d6bbbc94b910d5d4e1': Permission denied
cp: cannot create regular file '/home/iamrad/Projects/github/UaXtXo/backups/20250501_201049/.git/objects/7c/02884eff392d60712692a2b72fc20b0e30c9a6': Permission denied
cp: cannot create regular file '/home/iamrad/Projects/github/UaXtXo/backups/20250501_201049/.git/objects/7c/aa0a82b2db60f81642c0ebd30af0983c1874cd': Permission denied
cp: cannot create regular file '/home/iamrad/Projects/github/UaXtXo/backups/20250501_201049/.git/objects/7c/f90d80f9bbee59615aa967c6e56c491a423b32': Permission denied
cp: cannot create regular file '/home/iamrad/Projects/github/UaXtXo/backups/20250501_201049/.git/objects/da/23e630cfcf0b2bcd6d5e90becc09d714f46d7b': Permission denied
cp: cannot create regular file '/home/iamrad/Projects/github/UaXtXo/backups/20250501_201049/.git/objects/da/af4a017d5b5ba4904abe1bbf5819048fa02cb2': Permission denied
cp: cannot create regular file '/home/iamrad/Projects/github/UaXtXo/backups/20250501_201049/.git/objects/da/bbe230d74beb5962f67a6da7da18c707441ad5': Permission denied
cp: cannot create regular file '/home/iamrad/Projects/github/UaXtXo/backups/20250501_201049/.git/objects/da/1fde3f638b9a9a3db026668427ae9cde5bbcb7': Permission denied
cp: cannot create regular file '/home/iamrad/Projects/github/UaXtXo/backups/20250501_201049/.git/objects/da/abf60fab219da8b799d603364bbe0c4ea21ece': Permission denied
cp: cannot create regular file '/home/iamrad/Projects/github/UaXtXo/backups/20250501_201049/.git/objects/da/b381a30e58964db112c583ead1c984a315a3fa': Permission denied
cp: cannot create regular file '/home/iamrad/Projects/github/UaXtXo/backups/20250501_201049/.git/objects/da/0e2f8d5d9134ae3a060e7ae06c271baed9c3c9': Permission denied
cp: cannot create regular file '/home/iamrad/Projects/github/UaXtXo/backups/20250501_201049/.git/objects/da/83c49914d21b76a69e6904841e0cb4a1e6aec0': Permission denied
cp: cannot create regular file '/home/iamrad/Projects/github/UaXtXo/backups/20250501_201049/.git/objects/2e/decce2f0fa5adcc88ebc609440221621048c05': Permission denied
cp: cannot create regular file '/home/iamrad/Projects/github/UaXtXo/backups/20250501_201049/.git/objects/2e/fff82a8e50b66dad0f9d5bf57d041fbc6ec754': Permission denied
cp: cannot create regular file '/home/iamrad/Projects/github/UaXtXo/backups/20250501_201049/.git/objects/2e/c51b76932614d13cc2a274530aa86ac8ba469f': Permission denied
cp: cannot create regular file '/home/iamrad/Projects/github/UaXtXo/backups/20250501_201049/.git/objects/2e/62bb0f4124809f98e44cf3f98d7a3901d473cb': Permission denied
cp: cannot create regular file '/home/iamrad/Projects/github/UaXtXo/backups/20250501_201049/.git/objects/14/c09085bc91fdb408bd6677abeec884e19671b4': Permission denied
cp: cannot create regular file '/home/iamrad/Projects/github/UaXtXo/backups/20250501_201049/.git/objects/14/a58e9d6f192208ccdfe78da011f320da5aac54': Permission denied
cp: cannot create regular file '/home/iamrad/Projects/github/UaXtXo/backups/20250501_201049/.git/objects/14/68fbf8820c4e81a4208dc722d879d325654d28': Permission denied
cp: cannot create regular file '/home/iamrad/Projects/github/UaXtXo/backups/20250501_201049/.git/objects/14/ad9c699397bcc9818453c0b1b07996c1f6ee41': Permission denied
cp: cannot create regular file '/home/iamrad/Projects/github/UaXtXo/backups/20250501_201049/.git/objects/14/b0822909320ff4ffafb1526212866f159470c5': Permission denied
cp: cannot create regular file '/home/iamrad/Projects/github/UaXtXo/backups/20250501_201049/.git/objects/14/6c39ddf1d2d4a3a2911609044bb2a13888f6c4': Permission denied
cp: cannot create regular file '/home/iamrad/Projects/github/UaXtXo/backups/20250501_201049/.git/objects/14/6c047b022738894fe953e3b37891d7ec9aecac': Permission denied
cp: cannot create regular file '/home/iamrad/Projects/github/UaXtXo/backups/20250501_201049/.git/objects/14/2a6baf980b73c31675db9ef6ffa2ade9342abb': Permission denied
cp: cannot create regular file '/home/iamrad/Projects/github/UaXtXo/backups/20250501_201049/.git/objects/ce/10edf57e9139c8f9800e5d9bb675b0d5f6c3d7': Permission denied
cp: cannot create regular file '/home/iamrad/Projects/github/UaXtXo/backups/20250501_201049/.git/objects/ce/990a51c49edb690bd62b34ee0f814730296217': Permission denied
cp: cannot create regular file '/home/iamrad/Projects/github/UaXtXo/backups/20250501_201049/.git/objects/ce/ed60f47f4850c37b1df85ca078cdd845e0b3e6': Permission denied
cp: cannot create regular file '/home/iamrad/Projects/github/UaXtXo/backups/20250501_201049/.git/objects/ce/1dd98713317a95f0a72036434478172fe991d8': Permission denied
cp: cannot create regular file '/home/iamrad/Projects/github/UaXtXo/backups/20250501_201049/.git/objects/ce/1bc2a4ae2ea0be0eac679b305b6d20d69a7793': Permission denied
cp: cannot create regular file '/home/iamrad/Projects/github/UaXtXo/backups/20250501_201049/.git/objects/ce/a8ecf44c38c1067ea14850bb2ab24e31a6aa3f': Permission denied
cp: cannot create regular file '/home/iamrad/Projects/github/UaXtXo/backups/20250501_201049/.git/objects/48/7a7c169d0df8c4acb6ad02b26ce76175ecfc0f': Permission denied
cp: cannot create regular file '/home/iamrad/Projects/github/UaXtXo/backups/20250501_201049/.git/objects/48/f05d01d0acae75acada5bd42a3442d0699d067': Permission denied
cp: cannot create regular file '/home/iamrad/Projects/github/UaXtXo/backups/20250501_201049/.git/objects/48/a7a35afbb54664aecbe466a87013e2a11e91f9': Permission denied
cp: cannot create regular file '/home/iamrad/Projects/github/UaXtXo/backups/20250501_201049/.git/objects/48/365f6c752bce3296823e9efdaac6621763fd3f': Permission denied
cp: cannot create regular file '/home/iamrad/Projects/github/UaXtXo/backups/20250501_201049/.git/objects/2f/b448e477a15a32cc5870012cda48ec35bc07b9': Permission denied
cp: cannot create regular file '/home/iamrad/Projects/github/UaXtXo/backups/20250501_201049/.git/objects/2f/3355c509acd1a0e9d409f9e655939d6d18c2ec': Permission denied
cp: cannot create regular file '/home/iamrad/Projects/github/UaXtXo/backups/20250501_201049/.git/objects/2f/a900a12eb3562e38fc9442dd3f57ea919b3c74': Permission denied
cp: cannot create regular file '/home/iamrad/Projects/github/UaXtXo/backups/20250501_201049/.git/objects/2f/6dab4c10431239352ab4626e326bf4e97cad5c': Permission denied
cp: cannot create regular file '/home/iamrad/Projects/github/UaXtXo/backups/20250501_201049/.git/objects/2f/48ee23dcbafbd094f962b4b112548317e1b45e': Permission denied
cp: cannot create regular file '/home/iamrad/Projects/github/UaXtXo/backups/20250501_201049/.git/objects/2f/7f2fa28822113957adab0b2b7e9f494070505a': Permission denied
cp: cannot create regular file '/home/iamrad/Projects/github/UaXtXo/backups/20250501_201049/.git/objects/2f/6f5f9b5c4d98d8e9383ba526dd5cfd380e8cf0': Permission denied
cp: cannot create regular file '/home/iamrad/Projects/github/UaXtXo/backups/20250501_201049/.git/objects/2f/b792afb027ef628c689f608ce1a959a01aa641': Permission denied
cp: cannot create regular file '/home/iamrad/Projects/github/UaXtXo/backups/20250501_201049/.git/objects/68/a345d8578004506a45296d6de9e091b7811272': Permission denied
cp: cannot create regular file '/home/iamrad/Projects/github/UaXtXo/backups/20250501_201049/.git/objects/68/256c3162dc85500c8605fde839ff866c237bc4': Permission denied
cp: cannot create regular file '/home/iamrad/Projects/github/UaXtXo/backups/20250501_201049/.git/objects/68/76276b46909ba68f38087b6f4cb45a85f3a889': Permission denied
cp: cannot create regular file '/home/iamrad/Projects/github/UaXtXo/backups/20250501_201049/.git/objects/68/d86bab032fabc624b2e312ec3a87666a12b07c': Permission denied
cp: cannot create regular file '/home/iamrad/Projects/github/UaXtXo/backups/20250501_201049/.git/objects/68/22d229646f7019283972f7caf6ac08f15091fb': Permission denied
cp: cannot create regular file '/home/iamrad/Projects/github/UaXtXo/backups/20250501_201049/.git/objects/68/d1d4130f8f69b6754bc9bb73d18c59481b305b': Permission denied
cp: cannot create regular file '/home/iamrad/Projects/github/UaXtXo/backups/20250501_201049/.git/objects/68/2bdb587524cdb22bd4b7e9b8a034dcf96671ea': Permission denied
cp: cannot create regular file '/home/iamrad/Projects/github/UaXtXo/backups/20250501_201049/.git/objects/68/1f37b11987688ab8795a5a2d25977c6380b522': Permission denied
cp: cannot create regular file '/home/iamrad/Projects/github/UaXtXo/backups/20250501_201049/.git/objects/68/bf8cd8d8720243a869de2e8d4ed6f4c4198744': Permission denied
cp: cannot create regular file '/home/iamrad/Projects/github/UaXtXo/backups/20250501_201049/.git/objects/68/f0f245fb943a4b31eee165d42e539a5baa75ad': Permission denied
cp: cannot create regular file '/home/iamrad/Projects/github/UaXtXo/backups/20250501_201049/.git/objects/ed/b55dfbca86a881da139244122c4f734d6a5844': Permission denied
cp: cannot create regular file '/home/iamrad/Projects/github/UaXtXo/backups/20250501_201049/.git/objects/ed/49d86e7487c0bc2649ff0bb4851e76ab2fd74b': Permission denied
cp: cannot create regular file '/home/iamrad/Projects/github/UaXtXo/backups/20250501_201049/.git/objects/ed/f8cd84f01cdc578b388c57caf90664557a7eb6': Permission denied
cp: cannot create regular file '/home/iamrad/Projects/github/UaXtXo/backups/20250501_201049/.git/objects/ed/3d2b9ec11fe7d7f52eca14544d9b0f1fc688e6': Permission denied
cp: cannot create regular file '/home/iamrad/Projects/github/UaXtXo/backups/20250501_201049/.git/objects/ed/a65681eac0a8a5f724f81b87a87b06a4440756': Permission denied
cp: cannot create regular file '/home/iamrad/Projects/github/UaXtXo/backups/20250501_201049/.git/objects/3b/be0e367d07134ad00eaae11582cfaccf077a13': Permission denied
cp: cannot create regular file '/home/iamrad/Projects/github/UaXtXo/backups/20250501_201049/.git/objects/3b/5d9e90ec405f85dd7f9066656efccc51193697': Permission denied
cp: cannot create regular file '/home/iamrad/Projects/github/UaXtXo/backups/20250501_201049/.git/objects/3b/b6b9609889f8131b2d6732ff1606e01e1365b2': Permission denied
cp: cannot create regular file '/home/iamrad/Projects/github/UaXtXo/backups/20250501_201049/.git/objects/3b/18e512dba79e4c8300dd08aeb37f8e728b8dad': Permission denied
cp: cannot create regular file '/home/iamrad/Projects/github/UaXtXo/backups/20250501_201049/.git/objects/3b/6143f6da8014c5b8030c57bdb098bc62f211ef': Permission denied
cp: cannot create regular file '/home/iamrad/Projects/github/UaXtXo/backups/20250501_201049/.git/objects/3b/bc68a520c3422fc3ec7071a5d87343f4ba4150': Permission denied
cp: cannot create regular file '/home/iamrad/Projects/github/UaXtXo/backups/20250501_201049/.git/objects/3b/9e5b959a43897ab95cc7adfc0b8bd8c7f6acc9': Permission denied
cp: cannot create regular file '/home/iamrad/Projects/github/UaXtXo/backups/20250501_201049/.git/objects/05/bab98a062d24f1b82d81e918a473a86eea9bba': Permission denied
cp: cannot create regular file '/home/iamrad/Projects/github/UaXtXo/backups/20250501_201049/.git/objects/6d/1b53a7a7ee1fcbeb9b12c9804f83ff90f46ccd': Permission denied
cp: cannot create regular file '/home/iamrad/Projects/github/UaXtXo/backups/20250501_201049/.git/objects/6d/72dc2e455a85756664a6f659dbc8338f575c64': Permission denied
cp: cannot create regular file '/home/iamrad/Projects/github/UaXtXo/backups/20250501_201049/.git/objects/6d/aae331f18e427d1057c96c8ca75d6c6c3fd211': Permission denied
cp: cannot create regular file '/home/iamrad/Projects/github/UaXtXo/backups/20250501_201049/.git/objects/6d/c9316a6c92f2782c0bcf29951bf2a704524277': Permission denied
cp: cannot create regular file '/home/iamrad/Projects/github/UaXtXo/backups/20250501_201049/.git/objects/6d/6f5f5ec17c7d2cc4ef31df0817d3cd8cf10a62': Permission denied
cp: cannot create regular file '/home/iamrad/Projects/github/UaXtXo/backups/20250501_201049/.git/objects/c8/2f4ed2394351809c59abd6d3a92dbfbc1cda34': Permission denied
cp: cannot create regular file '/home/iamrad/Projects/github/UaXtXo/backups/20250501_201049/.git/objects/c8/d7d49c9c81bb1a326d3ed97ce16d6295341bcc': Permission denied
cp: cannot create regular file '/home/iamrad/Projects/github/UaXtXo/backups/20250501_201049/.git/objects/c8/e0e00f173c3333058cf5ce2f94942a1799c239': Permission denied
cp: cannot create regular file '/home/iamrad/Projects/github/UaXtXo/backups/20250501_201049/.git/objects/c8/f327aa75dc26ee82d0daeb4ab2596521dec5e8': Permission denied
cp: cannot create regular file '/home/iamrad/Projects/github/UaXtXo/backups/20250501_201049/.git/objects/c8/2291ca99e2b0647c79d3a3f90905576920e82b': Permission denied
cp: cannot create regular file '/home/iamrad/Projects/github/UaXtXo/backups/20250501_201049/.git/objects/c8/ca3c67719e296e838423d0b76f4227fd51f827': Permission denied
cp: cannot create regular file '/home/iamrad/Projects/github/UaXtXo/backups/20250501_201049/.git/objects/c3/bfe4d4fe956aecceb49f159c89785b3c9f81fe': Permission denied
cp: cannot create regular file '/home/iamrad/Projects/github/UaXtXo/backups/20250501_201049/.git/objects/c3/242f7975c1b2c93d7dd4cacbd9075863c87480': Permission denied
cp: cannot create regular file '/home/iamrad/Projects/github/UaXtXo/backups/20250501_201049/.git/objects/c3/3a301f6fce5e4c394f630e98f13673d15cb5ac': Permission denied
cp: cannot create regular file '/home/iamrad/Projects/github/UaXtXo/backups/20250501_201049/.git/objects/c3/261c91e08c1a3c6499741ccd32d47612bea72c': Permission denied
cp: cannot create regular file '/home/iamrad/Projects/github/UaXtXo/backups/20250501_201049/.git/objects/c3/e8a8da52834a778282c17df8b5bb9325428496': Permission denied
cp: cannot create regular file '/home/iamrad/Projects/github/UaXtXo/backups/20250501_201049/.git/objects/c3/a9ada69e9842ce1e02d40f75db09a21ef8fafa': Permission denied
cp: cannot create regular file '/home/iamrad/Projects/github/UaXtXo/backups/20250501_201049/.git/objects/c3/02684e74dd80a30b2c9f95b1a987bab9032640': Permission denied
cp: cannot create regular file '/home/iamrad/Projects/github/UaXtXo/backups/20250501_201049/.git/objects/91/7d38010c63dfe202f2a3eba83d657bdcf7425d': Permission denied
cp: cannot create regular file '/home/iamrad/Projects/github/UaXtXo/backups/20250501_201049/.git/objects/91/b3cdbc056c5373a8918df5ef732178158ae7b8': Permission denied
cp: cannot create regular file '/home/iamrad/Projects/github/UaXtXo/backups/20250501_201049/.git/objects/91/06e646ed0f6082e36d5f8c1d34a95e649329e0': Permission denied
cp: cannot create regular file '/home/iamrad/Projects/github/UaXtXo/backups/20250501_201049/.git/objects/91/f9d7d163aacc9493634fab046c989a06bbc980': Permission denied
cp: cannot create regular file '/home/iamrad/Projects/github/UaXtXo/backups/20250501_201049/.git/objects/91/0167a9296e332e9f77fc5e3846d53d8426b382': Permission denied
cp: cannot create regular file '/home/iamrad/Projects/github/UaXtXo/backups/20250501_201049/.git/objects/91/ea4b24710c7cb364afe84b92f603757b332302': Permission denied
cp: cannot create regular file '/home/iamrad/Projects/github/UaXtXo/backups/20250501_201049/.git/objects/22/925185e9d552f5a301f6132df44fe4d220ac8f': Permission denied
cp: cannot create regular file '/home/iamrad/Projects/github/UaXtXo/backups/20250501_201049/.git/objects/22/c411dfecac6adc7e821b34f5c44b0d2c815f78': Permission denied
cp: cannot create regular file '/home/iamrad/Projects/github/UaXtXo/backups/20250501_201049/.git/objects/22/438dabbbceef6954a1a7a68038f8c440a90c79': Permission denied
cp: cannot create regular file '/home/iamrad/Projects/github/UaXtXo/backups/20250501_201049/.git/objects/22/17164f0c05a385d7d0d83e030fdbae01e99304': Permission denied
cp: cannot create regular file '/home/iamrad/Projects/github/UaXtXo/backups/20250501_201049/.git/objects/22/ccaa388995d4290b3f01354604e5a3c66e753d': Permission denied
